<?xml version="1.0" encoding="UTF-8"?>
<!-- Generated by org.testng.reporters.JUnitReportReporter -->
<testsuite hostname="RFL666" failures="0" tests="3" name="testCases.TC_LogIn_001" time="32.023" errors="0" timestamp="2022-11-15T13:11:22 IST" skipped="0">
  <testcase classname="testCases.TC_LogIn_001" name="logoDisplayed" time="9.970"/>
  <system-out/>
  <testcase classname="testCases.TC_LogIn_001" name="LogInTest" time="11.248"/>
  <system-out/>
  <testcase classname="testCases.TC_LogIn_001" name="searchMobile" time="10.805"/>
  <system-out/>
</testsuite> <!-- testCases.TC_LogIn_001 -->
